Build started 2021/5/31 21:32:50.
     1>Project "C:\Users\12323\Desktop\AutoLayout_2015_2021_4_22(较完善版本)\AutoLayout_2015_2021_4_22(较完善版本)\AutoLayout_2015_2021_4_22\AutoLayout\AutoLayout.vcxproj" on node 2 (Build target(s)).
     1>C:\Program Files (x86)\MSBuild\Microsoft.Cpp\v4.0\V140\Microsoft.CppBuild.targets(392,5): warning MSB8028: The intermediate directory (x64\Debug\) contains files shared from another project (SimplifyCurve.vcxproj).  This can lead to incorrect clean and rebuild behavior.
     1>CustomBuild:
         Moc'ing tsimplifycurvedlg.h...
         Uic'ing tsimplifycurvedlg.ui...
         Moc'ing tsettingdlg.h...
         Rcc'ing tsimplifycurvedlg.qrc...
     1>RCC : warning : No resources in 'C:\Users\12323\Desktop\AutoLayout_2015_2021_4_22(杈冨畬鍠勭増鏈?\AutoLayout_2015_2021_4_22(杈冨畬鍠勭増鏈?\AutoLayout_2015_2021_4_22\AutoLayout\tsimplifycurvedlg.qrc'.
         
         Uic'ing tsettingdlg.ui...
       ClCompile:
         D:\Program Files (x86)\Microsoft Visual Studio 14.0\VC\bin\x86_amd64\CL.exe /c /I..\GNest /I.\GeneratedFiles /I. /ID:\QT\Qt5.9.0\5.9\msvc2015_64\include /I.\GeneratedFiles\Debug /ID:\QT\Qt5.9.0\5.9\msvc2015_64\include\QtCore /ID:\QT\Qt5.9.0\5.9\msvc2015_64\include\QtGui /ID:\QT\Qt5.9.0\5.9\msvc2015_64\include\QtWidgets /I"D:\Program Files (x86)\Visual Leak Detector\include" /Zi /nologo /W1 /WX- /Od /D UNICODE /D WIN32 /D QT_CORE_LIB /D QT_GUI_LIB /D QT_WIDGETS_LIB /Gm- /EHsc /MDd /GS /fp:precise /Zc:wchar_t- /Zc:forScope /Zc:inline /openmp /Fo"x64\Debug\\" /Fd"x64\Debug\vc140.pdb" /Gd /TP /errorReport:prompt gcurveview.cpp GeneratedFiles\Debug\moc_tsettingdlg.cpp GeneratedFiles\Debug\moc_tsimplifycurvedlg.cpp main.cpp tsettingdlg.cpp tsimplifycurvedlg.cpp
         gcurveview.cpp
         moc_tsettingdlg.cpp
         moc_tsimplifycurvedlg.cpp
         main.cpp
         tsettingdlg.cpp
         tsimplifycurvedlg.cpp
         Generating Code...
         D:\Program Files (x86)\Microsoft Visual Studio 14.0\VC\bin\x86_amd64\CL.exe /c /I..\GNest /I.\GeneratedFiles /I. /ID:\QT\Qt5.9.0\5.9\msvc2015_64\include /I.\GeneratedFiles\Debug /ID:\QT\Qt5.9.0\5.9\msvc2015_64\include\QtCore /ID:\QT\Qt5.9.0\5.9\msvc2015_64\include\QtGui /ID:\QT\Qt5.9.0\5.9\msvc2015_64\include\QtWidgets /I"D:\Program Files (x86)\Visual Leak Detector\include" /Zi /nologo /W1 /WX- /Od /D UNICODE /D WIN32 /D QT_CORE_LIB /D QT_GUI_LIB /D QT_WIDGETS_LIB /Gm- /EHsc /MDd /GS /fp:precise /Zc:wchar_t- /Zc:forScope /Zc:inline /openmp /Fo"x64\Debug\\" /Fd"x64\Debug\vc140.pdb" /Gd /TP /errorReport:prompt GeneratedFiles\qrc_tsimplifycurvedlg.cpp
         qrc_tsimplifycurvedlg.cpp
       Link:
         D:\Program Files (x86)\Microsoft Visual Studio 14.0\VC\bin\x86_amd64\link.exe /ERRORREPORT:PROMPT /OUT:"C:\Users\12323\Desktop\AutoLayout_2015_2021_4_22(较完善版本)\AutoLayout_2015_2021_4_22(较完善版本)\AutoLayout_2015_2021_4_22\x64\Debug\\AutoLayout.exe" /NOLOGO /LIBPATH:"C:\Users\12323\Desktop\AutoLayout_2015_2021_4_22(较完善版本)\AutoLayout_2015_2021_4_22(较完善版本)\AutoLayout_2015_2021_4_22\x64\Debug\\" /LIBPATH:D:\QT\Qt5.9.0\5.9\msvc2015_64\lib /LIBPATH:"D:\Program Files (x86)\Visual Leak Detector\lib\Win64" GNest.lib qtmaind.lib Qt5Cored.lib Qt5Guid.lib Qt5Widgetsd.lib kernel32.lib user32.lib gdi32.lib winspool.lib comdlg32.lib advapi32.lib shell32.lib ole32.lib oleaut32.lib uuid.lib odbc32.lib odbccp32.lib /MANIFEST /MANIFESTUAC:"level='asInvoker' uiAccess='false'" /manifest:embed /Debug /PDB:"C:\Users\12323\Desktop\AutoLayout_2015_2021_4_22(较完善版本)\AutoLayout_2015_2021_4_22(较完善版本)\AutoLayout_2015_2021_4_22\x64\Debug\AutoLayout.pdb" /SUBSYSTEM:CONSOLE /TLBID:1 /DYNAMICBASE /NXCOMPAT /IMPLIB:"C:\Users\12323\Desktop\AutoLayout_2015_2021_4_22(较完善版本)\AutoLayout_2015_2021_4_22(较完善版本)\AutoLayout_2015_2021_4_22\x64\Debug\AutoLayout.lib" /MACHINE:X64 x64\Debug\gcurveview.obj
         x64\Debug\moc_tsettingdlg.obj
         x64\Debug\moc_tsimplifycurvedlg.obj
         x64\Debug\qrc_tsimplifycurvedlg.obj
         x64\Debug\main.obj
         x64\Debug\tsettingdlg.obj
         x64\Debug\tsimplifycurvedlg.obj
         AutoLayout.vcxproj -> C:\Users\12323\Desktop\AutoLayout_2015_2021_4_22(较完善版本)\AutoLayout_2015_2021_4_22(较完善版本)\AutoLayout_2015_2021_4_22\x64\Debug\AutoLayout.exe
     1>Done Building Project "C:\Users\12323\Desktop\AutoLayout_2015_2021_4_22(较完善版本)\AutoLayout_2015_2021_4_22(较完善版本)\AutoLayout_2015_2021_4_22\AutoLayout\AutoLayout.vcxproj" (Build target(s)).

Build succeeded.

Time Elapsed 00:00:10.60
