c:\users\12323\desktop\autolayout_2015_11_5(大组内部分小组)\autolayout\x64\debug\vc140.pdb
c:\users\12323\desktop\autolayout_2015_11_5(大组内部分小组)\autolayout\x64\debug\tsimplifycurvedlg.obj
c:\users\12323\desktop\autolayout_2015_11_5(大组内部分小组)\autolayout\x64\debug\gcurveview.obj
c:\users\12323\desktop\autolayout_2015_11_5(大组内部分小组)\autolayout\x64\debug\main.obj
c:\users\12323\desktop\autolayout_2015_11_5(大组内部分小组)\autolayout\x64\debug\moc_tsimplifycurvedlg.obj
c:\users\12323\desktop\autolayout_2015_11_5(大组内部分小组)\autolayout\x64\debug\tsettingdlg.obj
c:\users\12323\desktop\autolayout_2015_11_5(大组内部分小组)\autolayout\x64\debug\moc_tsettingdlg.obj
c:\users\12323\desktop\autolayout_2015_11_5(大组内部分小组)\autolayout\x64\debug\qrc_tsimplifycurvedlg.obj
c:\users\12323\desktop\autolayout_2015_11_5(大组内部分小组)\autolayout\generatedfiles\ui_tsimplifycurvedlg.h
c:\users\12323\desktop\autolayout_2015_11_5(大组内部分小组)\autolayout\generatedfiles\qrc_tsimplifycurvedlg.cpp
c:\users\12323\desktop\autolayout_2015_11_5(大组内部分小组)\autolayout\generatedfiles\ui_tsettingdlg.h
c:\users\12323\desktop\autolayout_2015_11_5(大组内部分小组)\autolayout\generatedfiles\debug\moc_tsimplifycurvedlg.cpp
c:\users\12323\desktop\autolayout_2015_11_5(大组内部分小组)\autolayout\generatedfiles\debug\moc_tsettingdlg.cpp
c:\users\12323\desktop\autolayout_2015_11_5(大组内部分小组)\x64\debug\autolayout.ilk
c:\users\12323\desktop\autolayout_2015_11_5(大组内部分小组)\x64\debug\autolayout.exe
c:\users\12323\desktop\autolayout_2015_11_5(大组内部分小组)\x64\debug\autolayout.pdb
c:\users\12323\desktop\autolayout_2015_11_5(大组内部分小组)\autolayout\x64\debug\autolayout.tlog\cl.command.1.tlog
c:\users\12323\desktop\autolayout_2015_11_5(大组内部分小组)\autolayout\x64\debug\autolayout.tlog\cl.read.1.tlog
c:\users\12323\desktop\autolayout_2015_11_5(大组内部分小组)\autolayout\x64\debug\autolayout.tlog\cl.write.1.tlog
c:\users\12323\desktop\autolayout_2015_11_5(大组内部分小组)\autolayout\x64\debug\autolayout.tlog\custombuild.command.1.tlog
c:\users\12323\desktop\autolayout_2015_11_5(大组内部分小组)\autolayout\x64\debug\autolayout.tlog\custombuild.read.1.tlog
c:\users\12323\desktop\autolayout_2015_11_5(大组内部分小组)\autolayout\x64\debug\autolayout.tlog\custombuild.write.1.tlog
c:\users\12323\desktop\autolayout_2015_11_5(大组内部分小组)\autolayout\x64\debug\autolayout.tlog\link.command.1.tlog
c:\users\12323\desktop\autolayout_2015_11_5(大组内部分小组)\autolayout\x64\debug\autolayout.tlog\link.read.1.tlog
c:\users\12323\desktop\autolayout_2015_11_5(大组内部分小组)\autolayout\x64\debug\autolayout.tlog\link.write.1.tlog
