Build started 2021/5/31 21:32:36.
     1>Project "C:\Users\12323\Desktop\AutoLayout_2015_2021_4_22(较完善版本)\AutoLayout_2015_2021_4_22(较完善版本)\AutoLayout_2015_2021_4_22\GNest\GNest.vcxproj" on node 2 (Build target(s)).
     1>ClCompile:
         D:\Program Files (x86)\Microsoft Visual Studio 14.0\VC\bin\x86_amd64\CL.exe /c /I.\opencv\include /I.\GeneratedFiles /I. /ID:\QT\Qt5.9.0\5.9\msvc2015_64\include /I.\GeneratedFiles\Debug /ID:\QT\Qt5.9.0\5.9\msvc2015_64\include\QtCore /ID:\QT\Qt5.9.0\5.9\msvc2015_64\include\QtGui /ID:\QT\Qt5.9.0\5.9\msvc2015_64\include\QtWidgets /Zi /nologo /W1 /WX- /Od /D QT_CORE_LIB /D QT_GUI_LIB /D GNEST_LIB /D UNICODE /D WIN32 /D WIN64 /D QT_WIDGETS_LIB /D _WINDLL /Gm- /EHsc /MDd /GS /fp:precise /Zc:wchar_t /Zc:forScope /Zc:inline /openmp /Fo"x64\Debug\\" /Fd"x64\Debug\vc140.pdb" /Gd /TP /errorReport:prompt cluster.cpp gfirefly.cpp gautolayout.cpp gclustersort.cpp glayoutoptimizer.cpp gmath.cpp gnest.cpp gpartsort.cpp gsaoptimizer.cpp gutils.cpp ugroupfirefly.cpp
         cluster.cpp
         gfirefly.cpp
         gautolayout.cpp
         gclustersort.cpp
         glayoutoptimizer.cpp
         gmath.cpp
         gnest.cpp
         gpartsort.cpp
         gsaoptimizer.cpp
         gutils.cpp
         ugroupfirefly.cpp
         Generating Code...
     1>c:\users\12323\desktop\autolayout_2015_2021_4_22(较完善版本)\autolayout_2015_2021_4_22(较完善版本)\autolayout_2015_2021_4_22\gnest\gsaoptimizer.cpp(231): warning C4715: 'GSAOptimizer::optimize': not all control paths return a value
       Link:
         D:\Program Files (x86)\Microsoft Visual Studio 14.0\VC\bin\x86_amd64\link.exe /ERRORREPORT:PROMPT /OUT:"C:\Users\12323\Desktop\AutoLayout_2015_2021_4_22(较完善版本)\AutoLayout_2015_2021_4_22(较完善版本)\AutoLayout_2015_2021_4_22\x64\Debug\\GNest.dll" /NOLOGO /LIBPATH:"D:\Program Files (x86)\Visual Leak Detector\lib\Win64" /LIBPATH:opencv\lib /LIBPATH:D:\QT\Qt5.9.0\5.9\msvc2015_64\lib opencv_world349d.lib qtmaind.lib Qt5Cored.lib Qt5Guid.lib Qt5Widgetsd.lib kernel32.lib user32.lib gdi32.lib winspool.lib comdlg32.lib advapi32.lib shell32.lib ole32.lib oleaut32.lib uuid.lib odbc32.lib odbccp32.lib /MANIFEST /MANIFESTUAC:"level='asInvoker' uiAccess='false'" /manifest:embed /Debug /PDB:"C:\Users\12323\Desktop\AutoLayout_2015_2021_4_22(较完善版本)\AutoLayout_2015_2021_4_22(较完善版本)\AutoLayout_2015_2021_4_22\x64\Debug\GNest.pdb" /SUBSYSTEM:WINDOWS /TLBID:1 /DYNAMICBASE /NXCOMPAT /IMPLIB:"C:\Users\12323\Desktop\AutoLayout_2015_2021_4_22(较完善版本)\AutoLayout_2015_2021_4_22(较完善版本)\AutoLayout_2015_2021_4_22\x64\Debug\GNest.lib" /MACHINE:X64  /SUBSYSTEM:WINDOWS /DLL x64\Debug\cluster.obj
         x64\Debug\gfirefly.obj
         x64\Debug\gautolayout.obj
         x64\Debug\gclustersort.obj
         x64\Debug\glayoutoptimizer.obj
         x64\Debug\gmath.obj
         x64\Debug\gnest.obj
         x64\Debug\gpartsort.obj
         x64\Debug\gsaoptimizer.obj
         x64\Debug\gutils.obj
         x64\Debug\ugroupfirefly.obj
            Creating library C:\Users\12323\Desktop\AutoLayout_2015_2021_4_22(较完善版本)\AutoLayout_2015_2021_4_22(较完善版本)\AutoLayout_2015_2021_4_22\x64\Debug\GNest.lib and object C:\Users\12323\Desktop\AutoLayout_2015_2021_4_22(较完善版本)\AutoLayout_2015_2021_4_22(较完善版本)\AutoLayout_2015_2021_4_22\x64\Debug\GNest.exp
         GNest.vcxproj -> C:\Users\12323\Desktop\AutoLayout_2015_2021_4_22(较完善版本)\AutoLayout_2015_2021_4_22(较完善版本)\AutoLayout_2015_2021_4_22\x64\Debug\GNest.dll
     1>Done Building Project "C:\Users\12323\Desktop\AutoLayout_2015_2021_4_22(较完善版本)\AutoLayout_2015_2021_4_22(较完善版本)\AutoLayout_2015_2021_4_22\GNest\GNest.vcxproj" (Build target(s)).

Build succeeded.

Time Elapsed 00:00:14.15
