h:\xxh\autolayout_2015_11_21\gnest\x64\debug\vc140.pdb
h:\xxh\autolayout_2015_11_21\gnest\x64\debug\gutils.obj
h:\xxh\autolayout_2015_11_21\gnest\x64\debug\gsaoptimizer.obj
h:\xxh\autolayout_2015_11_21\gnest\x64\debug\gpartsort.obj
h:\xxh\autolayout_2015_11_21\gnest\x64\debug\gnest.obj
h:\xxh\autolayout_2015_11_21\gnest\x64\debug\gmath.obj
h:\xxh\autolayout_2015_11_21\gnest\x64\debug\glayoutoptimizer.obj
h:\xxh\autolayout_2015_11_21\gnest\x64\debug\gclustersort.obj
h:\xxh\autolayout_2015_11_21\gnest\x64\debug\gautolayout.obj
h:\xxh\autolayout_2015_11_21\gnest\x64\debug\firefly.obj
h:\xxh\autolayout_2015_11_21\gnest\x64\debug\cluster.obj
h:\xxh\autolayout_2015_11_21\x64\debug\gnest.lib
h:\xxh\autolayout_2015_11_21\x64\debug\gnest.exp
h:\xxh\autolayout_2015_11_21\x64\debug\gnest.ilk
h:\xxh\autolayout_2015_11_21\x64\debug\gnest.dll
h:\xxh\autolayout_2015_11_21\x64\debug\gnest.pdb
h:\xxh\autolayout_2015_11_21\gnest\x64\debug\gnest.tlog\cl.command.1.tlog
h:\xxh\autolayout_2015_11_21\gnest\x64\debug\gnest.tlog\cl.read.1.tlog
h:\xxh\autolayout_2015_11_21\gnest\x64\debug\gnest.tlog\cl.write.1.tlog
h:\xxh\autolayout_2015_11_21\gnest\x64\debug\gnest.tlog\gnest.write.1u.tlog
h:\xxh\autolayout_2015_11_21\gnest\x64\debug\gnest.tlog\link.command.1.tlog
h:\xxh\autolayout_2015_11_21\gnest\x64\debug\gnest.tlog\link.read.1.tlog
h:\xxh\autolayout_2015_11_21\gnest\x64\debug\gnest.tlog\link.write.1.tlog
