Build started 2021/5/31 22:12:10.
     1>Project "C:\Users\12323\Desktop\AutoLayout_2015_2021_4_22(较完善版本)\AutoLayout_2015_2021_4_22(较完善版本)\AutoLayout_2015_2021_4_22\GNest\GNest.vcxproj" on node 2 (Build target(s)).
     1>ClCompile:
         D:\Program Files (x86)\Microsoft Visual Studio 14.0\VC\bin\x86_amd64\CL.exe /c /I.\opencv\include /I.\GeneratedFiles /I. /ID:\QT\Qt5.9.0\5.9\msvc2015_64\include /I.\GeneratedFiles\Release /ID:\QT\Qt5.9.0\5.9\msvc2015_64\include\QtCore /ID:\QT\Qt5.9.0\5.9\msvc2015_64\include\QtGui /ID:\QT\Qt5.9.0\5.9\msvc2015_64\include\QtWidgets /nologo /W1 /WX- /O2 /D QT_NO_DEBUG /D NDEBUG /D QT_CORE_LIB /D QT_GUI_LIB /D GNEST_LIB /D UNICODE /D WIN32 /D WIN64 /D QT_WIDGETS_LIB /D _WINDLL /Gm- /EHsc /MD /GS /fp:precise /Zc:wchar_t /Zc:forScope /Zc:inline /openmp /Fo"x64\Release\\" /Fd"x64\Release\vc140.pdb" /Gd /TP /errorReport:prompt gautolayout.cpp
         gautolayout.cpp
       Link:
         D:\Program Files (x86)\Microsoft Visual Studio 14.0\VC\bin\x86_amd64\link.exe /ERRORREPORT:PROMPT /OUT:"C:\Users\12323\Desktop\AutoLayout_2015_2021_4_22(较完善版本)\AutoLayout_2015_2021_4_22(较完善版本)\AutoLayout_2015_2021_4_22\x64\Release\\GNest.dll" /NOLOGO /LIBPATH:"D:\Program Files (x86)\Visual Leak Detector\lib\Win64" /LIBPATH:opencv\lib /LIBPATH:D:\QT\Qt5.9.0\5.9\msvc2015_64\lib opencv_world349.lib qtmain.lib Qt5Core.lib Qt5Gui.lib Qt5Widgets.lib kernel32.lib user32.lib gdi32.lib winspool.lib comdlg32.lib advapi32.lib shell32.lib ole32.lib oleaut32.lib uuid.lib odbc32.lib odbccp32.lib /MANIFEST /MANIFESTUAC:"level='asInvoker' uiAccess='false'" /manifest:embed /PDB:"C:\Users\12323\Desktop\AutoLayout_2015_2021_4_22(较完善版本)\AutoLayout_2015_2021_4_22(较完善版本)\AutoLayout_2015_2021_4_22\x64\Release\GNest.pdb" /SUBSYSTEM:WINDOWS /TLBID:1 /DYNAMICBASE /NXCOMPAT /IMPLIB:"C:\Users\12323\Desktop\AutoLayout_2015_2021_4_22(较完善版本)\AutoLayout_2015_2021_4_22(较完善版本)\AutoLayout_2015_2021_4_22\x64\Release\GNest.lib" /MACHINE:X64  /SUBSYSTEM:WINDOWS /DLL x64\Release\cluster.obj
         x64\Release\gfirefly.obj
         x64\Release\gautolayout.obj
         x64\Release\gclustersort.obj
         x64\Release\glayoutoptimizer.obj
         x64\Release\gmath.obj
         x64\Release\gnest.obj
         x64\Release\gpartsort.obj
         x64\Release\gsaoptimizer.obj
         x64\Release\gutils.obj
         x64\Release\ugroupfirefly.obj
            Creating library C:\Users\12323\Desktop\AutoLayout_2015_2021_4_22(较完善版本)\AutoLayout_2015_2021_4_22(较完善版本)\AutoLayout_2015_2021_4_22\x64\Release\GNest.lib and object C:\Users\12323\Desktop\AutoLayout_2015_2021_4_22(较完善版本)\AutoLayout_2015_2021_4_22(较完善版本)\AutoLayout_2015_2021_4_22\x64\Release\GNest.exp
         GNest.vcxproj -> C:\Users\12323\Desktop\AutoLayout_2015_2021_4_22(较完善版本)\AutoLayout_2015_2021_4_22(较完善版本)\AutoLayout_2015_2021_4_22\x64\Release\GNest.dll
     1>Done Building Project "C:\Users\12323\Desktop\AutoLayout_2015_2021_4_22(较完善版本)\AutoLayout_2015_2021_4_22(较完善版本)\AutoLayout_2015_2021_4_22\GNest\GNest.vcxproj" (Build target(s)).

Build succeeded.

Time Elapsed 00:00:05.76
