c:\users\12323\desktop\autolayout_2015_2021_4_22\gnest\x64\release\ugroupfirefly.obj
c:\users\12323\desktop\autolayout_2015_2021_4_22\gnest\x64\release\gutils.obj
c:\users\12323\desktop\autolayout_2015_2021_4_22\gnest\x64\release\gsaoptimizer.obj
c:\users\12323\desktop\autolayout_2015_2021_4_22\gnest\x64\release\gpartsort.obj
c:\users\12323\desktop\autolayout_2015_2021_4_22\gnest\x64\release\gnest.obj
c:\users\12323\desktop\autolayout_2015_2021_4_22\gnest\x64\release\gmath.obj
c:\users\12323\desktop\autolayout_2015_2021_4_22\gnest\x64\release\glayoutoptimizer.obj
c:\users\12323\desktop\autolayout_2015_2021_4_22\gnest\x64\release\gclustersort.obj
c:\users\12323\desktop\autolayout_2015_2021_4_22\gnest\x64\release\gautolayout.obj
c:\users\12323\desktop\autolayout_2015_2021_4_22\gnest\x64\release\firefly.obj
c:\users\12323\desktop\autolayout_2015_2021_4_22\gnest\x64\release\cluster.obj
c:\users\12323\desktop\autolayout_2015_2021_4_22\gnest\x64\release\gfirefly.obj
c:\users\12323\desktop\autolayout_2015_2021_4_22\x64\release\gnest.lib
c:\users\12323\desktop\autolayout_2015_2021_4_22\x64\release\gnest.exp
c:\users\12323\desktop\autolayout_2015_2021_4_22\x64\release\gnest.dll
c:\users\12323\desktop\autolayout_2015_2021_4_22\gnest\x64\release\gnest.tlog\cl.command.1.tlog
c:\users\12323\desktop\autolayout_2015_2021_4_22\gnest\x64\release\gnest.tlog\cl.read.1.tlog
c:\users\12323\desktop\autolayout_2015_2021_4_22\gnest\x64\release\gnest.tlog\cl.write.1.tlog
c:\users\12323\desktop\autolayout_2015_2021_4_22\gnest\x64\release\gnest.tlog\gnest.write.1u.tlog
c:\users\12323\desktop\autolayout_2015_2021_4_22\gnest\x64\release\gnest.tlog\link.command.1.tlog
c:\users\12323\desktop\autolayout_2015_2021_4_22\gnest\x64\release\gnest.tlog\link.read.1.tlog
c:\users\12323\desktop\autolayout_2015_2021_4_22\gnest\x64\release\gnest.tlog\link.write.1.tlog
