生成启动时间为 2019/7/1 17:53:29。
     1>项目“G:\Teach\SimplifyCurve\SimplifyCurve\SimplifyCurve.vcxproj”在节点 2 上(build 个目标)。
     1>InitializeBuildStatus:
         正在创建“Debug\SimplifyCurve.unsuccessfulbuild”，因为已指定“AlwaysCreate”。
       CustomBuild:
         所有输出均为最新。
       ClCompile:
         d:\Program Files (x86)\Microsoft Visual Studio 10.0\VC\bin\CL.exe /c /I.\GeneratedFiles /I. /ID:\Qt\Qt486\include /I.\GeneratedFiles\Debug /ID:\Qt\Qt486\include\QtCore /ID:\Qt\Qt486\include\QtGui /Zi /nologo /W1 /WX- /Od /Oy- /D UNICODE /D WIN32 /D QT_DLL /D QT_CORE_LIB /D QT_GUI_LIB /Gm- /EHsc /MDd /GS /fp:precise /Zc:wchar_t- /Zc:forScope /Fo"Debug\\" /Fd"Debug\vc100.pdb" /Gd /TP /analyze- /errorReport:prompt gbezierfit.cpp
         gbezierfit.cpp
         所有输出均为最新。
       Link:
         d:\Program Files (x86)\Microsoft Visual Studio 10.0\VC\bin\link.exe /ERRORREPORT:PROMPT /OUT:"G:\Teach\SimplifyCurve\Win32\Debug\\SimplifyCurve.exe" /NOLOGO /LIBPATH:D:\Qt\Qt486\lib qtmaind.lib QtCored4.lib QtGuid4.lib kernel32.lib user32.lib gdi32.lib winspool.lib comdlg32.lib advapi32.lib shell32.lib ole32.lib oleaut32.lib uuid.lib odbc32.lib odbccp32.lib /MANIFEST /ManifestFile:"Debug\SimplifyCurve.exe.intermediate.manifest" /MANIFESTUAC:"level='asInvoker' uiAccess='false'" /DEBUG /PDB:"G:\Teach\SimplifyCurve\Win32\Debug\SimplifyCurve.pdb" /SUBSYSTEM:CONSOLE /TLBID:1 /DYNAMICBASE /NXCOMPAT /IMPLIB:"G:\Teach\SimplifyCurve\Win32\Debug\SimplifyCurve.lib" /MACHINE:X86 Debug\gbezier.obj
         Debug\gbezierfit.obj
         Debug\gcurveview.obj
         Debug\moc_tsimplifycurvedlg.obj
         Debug\qrc_tsimplifycurvedlg.obj
         Debug\gmath.obj
         Debug\gutils.obj
         Debug\main.obj
         Debug\tsimplifycurvedlg.obj
         LINK : 没有找到 G:\Teach\SimplifyCurve\Win32\Debug\\SimplifyCurve.exe 或上一个增量链接没有生成它；正在执行完全链接
         SimplifyCurve.vcxproj -> G:\Teach\SimplifyCurve\Win32\Debug\SimplifyCurve.exe
       Manifest:
         C:\Program Files (x86)\Microsoft SDKs\Windows\v7.0A\bin\mt.exe /nologo /verbose /outputresource:"G:\Teach\SimplifyCurve\Win32\Debug\\SimplifyCurve.exe;#1" /manifest Debug\SimplifyCurve.exe.intermediate.manifest
       FinalizeBuildStatus:
         正在删除文件“Debug\SimplifyCurve.unsuccessfulbuild”。
         正在对“Debug\SimplifyCurve.lastbuildstate”执行 Touch 任务。
     1>已完成生成项目“G:\Teach\SimplifyCurve\SimplifyCurve\SimplifyCurve.vcxproj”(build 个目标)的操作。

生成成功。

已用时间 00:00:00.78
