h:\autolayout_qt5\autolayout_2013\gnest\release\gutils.obj
h:\autolayout_qt5\autolayout_2013\gnest\release\gnest.obj
h:\autolayout_qt5\autolayout_2013\gnest\release\gmath.obj
h:\autolayout_qt5\autolayout_2013\gnest\release\gautolayout.obj
h:\autolayout_qt5\autolayout_2013 - 副本\gnest\release\gutils.obj
h:\autolayout_qt5\autolayout_2013 - 副本\gnest\release\gmath.obj
h:\autolayout_qt5\autolayout_2013 - 副本\gnest\release\gautolayout.obj
h:\autolayout_qt5\autolayout_2013 - 副本\gnest\release\gnest.obj
h:\autolayout_qt5\autolayout_2013\win32\release\gnest.lib
h:\autolayout_qt5\autolayout_2013\win32\release\gnest.exp
h:\autolayout_qt5\autolayout_2013 - 副本\win32\release\gnest.lib
h:\autolayout_qt5\autolayout_2013 - 副本\win32\release\gnest.exp
h:\autolayout_qt5\autolayout_2013\win32\release\gnest.dll
h:\autolayout_qt5\autolayout_2013 - 副本\win32\release\gnest.dll
k:\xxh\autolayout_2015_11_18\gnest\release\gautolayout.obj
k:\xxh\autolayout_2015_11_18\gnest\release\gmath.obj
k:\xxh\autolayout_2015_11_18\gnest\release\gnest.obj
k:\xxh\autolayout_2015_11_18\gnest\release\gutils.obj
k:\xxh\autolayout_2015_11_18\gnest\release\gnest.tlog\cl.command.1.tlog
k:\xxh\autolayout_2015_11_18\gnest\release\gnest.tlog\cl.read.1.tlog
k:\xxh\autolayout_2015_11_18\gnest\release\gnest.tlog\cl.write.1.tlog
k:\xxh\autolayout_2015_11_18\gnest\release\gnest.tlog\gnest.write.1u.tlog
k:\xxh\autolayout_2015_11_18\gnest\release\gnest.tlog\link.command.1.tlog
k:\xxh\autolayout_2015_11_18\gnest\release\gnest.tlog\link.read.1.tlog
k:\xxh\autolayout_2015_11_18\gnest\release\gnest.tlog\link.write.1.tlog
