c:\users\12323\desktop\autolayout_2015_2021_4_22\autolayout\x64\release\tsimplifycurvedlg.obj
c:\users\12323\desktop\autolayout_2015_2021_4_22\autolayout\x64\release\tsettingdlg.obj
c:\users\12323\desktop\autolayout_2015_2021_4_22\autolayout\x64\release\main.obj
c:\users\12323\desktop\autolayout_2015_2021_4_22\autolayout\x64\release\moc_tsimplifycurvedlg.obj
c:\users\12323\desktop\autolayout_2015_2021_4_22\autolayout\x64\release\moc_tsettingdlg.obj
c:\users\12323\desktop\autolayout_2015_2021_4_22\autolayout\x64\release\gcurveview.obj
c:\users\12323\desktop\autolayout_2015_2021_4_22\autolayout\x64\release\qrc_tsimplifycurvedlg.obj
c:\users\12323\desktop\autolayout_2015_2021_4_22\autolayout\generatedfiles\release\moc_tsimplifycurvedlg.cpp
c:\users\12323\desktop\autolayout_2015_2021_4_22\autolayout\generatedfiles\ui_tsimplifycurvedlg.h
c:\users\12323\desktop\autolayout_2015_2021_4_22\autolayout\generatedfiles\release\moc_tsettingdlg.cpp
c:\users\12323\desktop\autolayout_2015_2021_4_22\autolayout\generatedfiles\qrc_tsimplifycurvedlg.cpp
c:\users\12323\desktop\autolayout_2015_2021_4_22\autolayout\generatedfiles\ui_tsettingdlg.h
c:\users\12323\desktop\autolayout_2015_2021_4_22\x64\release\autolayout.exe
c:\users\12323\desktop\autolayout_2015_2021_4_22\autolayout\x64\release\autolayout.tlog\cl.command.1.tlog
c:\users\12323\desktop\autolayout_2015_2021_4_22\autolayout\x64\release\autolayout.tlog\cl.read.1.tlog
c:\users\12323\desktop\autolayout_2015_2021_4_22\autolayout\x64\release\autolayout.tlog\cl.write.1.tlog
c:\users\12323\desktop\autolayout_2015_2021_4_22\autolayout\x64\release\autolayout.tlog\custombuild.command.1.tlog
c:\users\12323\desktop\autolayout_2015_2021_4_22\autolayout\x64\release\autolayout.tlog\custombuild.read.1.tlog
c:\users\12323\desktop\autolayout_2015_2021_4_22\autolayout\x64\release\autolayout.tlog\custombuild.write.1.tlog
c:\users\12323\desktop\autolayout_2015_2021_4_22\autolayout\x64\release\autolayout.tlog\link.command.1.tlog
c:\users\12323\desktop\autolayout_2015_2021_4_22\autolayout\x64\release\autolayout.tlog\link.read.1.tlog
c:\users\12323\desktop\autolayout_2015_2021_4_22\autolayout\x64\release\autolayout.tlog\link.write.1.tlog
